<?xml version="1.0" encoding="UTF-8"?>
<testng-results ignored="0" total="2" passed="2" failed="0" skipped="0">
  <reporter-output>
  </reporter-output>
  <suite started-at="2025-02-21T08:31:47Z" name="Command line suite" finished-at="2025-02-21T08:31:48Z" duration-ms="1128">
    <groups>
    </groups>
    <test started-at="2025-02-21T08:31:47Z" name="Command line test" finished-at="2025-02-21T08:31:48Z" duration-ms="1128">
      <class name="tests.UserApiTest">
        <test-method is-config="true" signature="setup()[pri:0, instance:tests.UserApiTest@4fb0f2b9]" started-at="2025-02-21T08:31:47Z" name="setup" finished-at="2025-02-21T08:31:47Z" duration-ms="199" status="PASS">
          <reporter-output>
          </reporter-output>
        </test-method> <!-- setup -->
        <test-method signature="testCreateUser()[pri:0, instance:tests.UserApiTest@4fb0f2b9]" started-at="2025-02-21T08:31:47Z" name="testCreateUser" finished-at="2025-02-21T08:31:47Z" duration-ms="721" status="PASS">
          <reporter-output>
          </reporter-output>
        </test-method> <!-- testCreateUser -->
        <test-method signature="testGetUsers()[pri:0, instance:tests.UserApiTest@4fb0f2b9]" started-at="2025-02-21T08:31:48Z" name="testGetUsers" finished-at="2025-02-21T08:31:48Z" duration-ms="176" status="PASS">
          <reporter-output>
          </reporter-output>
        </test-method> <!-- testGetUsers -->
      </class> <!-- tests.UserApiTest -->
    </test> <!-- Command line test -->
  </suite> <!-- Command line suite -->
</testng-results>
